2025-11-13 11:26:26 - C00oe4dka
2025-11-13 11:26:28 - C04hayrrf
2025-11-13 11:26:30 - C03i4b1mc
2025-11-13 11:26:33 - C03m3q4nk
2025-11-13 11:26:35 - C024o5jnw
2025-11-13 11:26:37 - C01pabg93
2025-11-13 11:26:39 - C04cafwbh
2025-11-13 11:26:42 - C00jeftrb
2025-11-13 11:26:44 - C0411ffp5
2025-11-13 11:26:46 - C01ncgc0r
2025-11-13 15:28:12 - C00oe4dka
2025-11-13 15:28:14 - C04hayrrf
2025-11-13 15:28:15 - C03i4b1mc
2025-11-13 15:28:17 - C03m3q4nk
2025-11-13 15:28:19 - C024o5jnw
2025-11-13 15:28:21 - C01pabg93
2025-11-13 15:28:23 - C04cafwbh
2025-11-13 15:28:25 - C00jeftrb
2025-11-13 15:28:27 - C0411ffp5
2025-11-13 15:28:29 - C01ncgc0r
2025-11-13 15:28:31 - C00jeftrb
