2025-11-13 11:26:26 - user:admin@haneyr.altostrat.com
2025-11-13 11:26:28 - user:admin@andrewksmith.altostrat.com
2025-11-13 11:26:30 - user:admin@stevenmchen.altostrat.com
2025-11-13 11:26:33 - user:admin@chrissavage.altostrat.com
2025-11-13 11:26:35 - user:admin@wmunji.altostrat.com
2025-11-13 11:26:37 - user:admin@bdau.altostrat.com
2025-11-13 11:26:39 - user:admin@katur.altostrat.com
2025-11-13 11:26:42 - user:admin@plaliberte.altostrat.com
2025-11-13 11:26:44 - user:admin@gabrielsleiman.altostrat.com
2025-11-13 11:26:46 - user:admin@brucethelen.altostrat.com
2025-11-13 15:28:12 - user:admin@haneyr.altostrat.com
2025-11-13 15:28:14 - user:admin@andrewksmith.altostrat.com
2025-11-13 15:28:15 - user:admin@stevenmchen.altostrat.com
2025-11-13 15:28:17 - user:admin@chrissavage.altostrat.com
2025-11-13 15:28:19 - user:admin@wmunji.altostrat.com
2025-11-13 15:28:21 - user:admin@bdau.altostrat.com
2025-11-13 15:28:23 - user:admin@katur.altostrat.com
2025-11-13 15:28:25 - user:admin@plaliberte.altostrat.com
2025-11-13 15:28:27 - user:admin@gabrielsleiman.altostrat.com
2025-11-13 15:28:29 - user:admin@brucethelen.altostrat.com
2025-11-13 15:28:31 - user:admin@powerm-1.altostrat.com
